<?xml version="1.0" encoding="UTF-8"?>
<!-- Generated by org.testng.reporters.JUnitReportReporter -->
<testsuite hostname="Rashmis-MacBook-Air.local" name="demo.page.project.TC05_Reg_SignOn_E2E" tests="1" failures="0" timestamp="24 May 2019 16:07:13 GMT" time="30.966" errors="0">
  <testcase name="registerSignOn" time="30.966" classname="demo.page.project.TC05_Reg_SignOn_E2E"/>
</testsuite> <!-- demo.page.project.TC05_Reg_SignOn_E2E -->
