<?xml version="1.0" encoding="UTF-8"?>
<!-- Generated by org.testng.reporters.JUnitReportReporter -->
<testsuite hostname="Rashmis-MacBook-Air.local" name="demo.page.project.TC04_SignOn_correctCred_FlightBooking" tests="1" failures="0" timestamp="24 May 2019 16:07:13 GMT" time="30.077" errors="0">
  <testcase name="LoginDemoPage" time="30.077" classname="demo.page.project.TC04_SignOn_correctCred_FlightBooking"/>
</testsuite> <!-- demo.page.project.TC04_SignOn_correctCred_FlightBooking -->
