<?xml version="1.0" encoding="UTF-8"?>
<!-- Generated by org.testng.reporters.JUnitReportReporter -->
<testsuite hostname="Rashmis-MacBook-Air.local" name="demo.page.project.Registration_and_SignON_E2E" tests="1" failures="0" timestamp="23 May 2019 11:23:05 GMT" time="35.521" errors="0">
  <testcase name="registerSignOn" time="35.521" classname="demo.page.project.Registration_and_SignON_E2E"/>
</testsuite> <!-- demo.page.project.Registration_and_SignON_E2E -->
