<?xml version="1.0" encoding="UTF-8"?>
<!-- Generated by org.testng.reporters.JUnitReportReporter -->
<testsuite hostname="Rashmis-MacBook-Air.local" name="demo.page.project.TC02_User_Registration" tests="1" failures="0" timestamp="23 May 2019 17:14:57 GMT" time="14.143" errors="0">
  <testcase name="registerDemoPage" time="14.143" classname="demo.page.project.TC02_User_Registration"/>
</testsuite> <!-- demo.page.project.TC02_User_Registration -->
