<?xml version="1.0" encoding="UTF-8"?>
<!-- Generated by org.testng.reporters.JUnitReportReporter -->
<testsuite hostname="Rashmis-MacBook-Air.local" name="demo.page.project.TC01_DemoApp_SwitchTabs" tests="1" failures="0" timestamp="24 May 2019 16:07:13 GMT" time="24.352" errors="0">
  <testcase name="TabSwitching" time="24.352" classname="demo.page.project.TC01_DemoApp_SwitchTabs"/>
</testsuite> <!-- demo.page.project.TC01_DemoApp_SwitchTabs -->
