<?xml version="1.0" encoding="UTF-8"?>
<!-- Generated by org.testng.reporters.JUnitReportReporter -->
<testsuite hostname="Rashmis-MacBook-Air.local" name="demo.page.project.TC01_DemoApp_Launch" tests="1" failures="0" timestamp="24 May 2019 07:45:03 GMT" time="11.569" errors="0">
  <testcase name="SwitchingTabs" time="11.569" classname="demo.page.project.TC01_DemoApp_Launch"/>
</testsuite> <!-- demo.page.project.TC01_DemoApp_Launch -->
