<?xml version="1.0" encoding="UTF-8"?>
<!-- Generated by org.testng.reporters.JUnitReportReporter -->
<testsuite hostname="Rashmis-MacBook-Air.local" name="demo.page.project.Registration" tests="1" failures="0" timestamp="23 May 2019 11:23:05 GMT" time="20.408" errors="0">
  <testcase name="registerDemoPage" time="20.408" classname="demo.page.project.Registration"/>
</testsuite> <!-- demo.page.project.Registration -->
