<?xml version="1.0" encoding="UTF-8"?>
<!-- Generated by org.testng.reporters.JUnitReportReporter -->
<testsuite hostname="Rashmis-MacBook-Air.local" name="demo.page.project.TC06_Tab_Switching" tests="1" failures="0" timestamp="23 May 2019 13:52:03 GMT" time="39.805" errors="0">
  <testcase name="tabSwitching" time="39.805" classname="demo.page.project.TC06_Tab_Switching"/>
</testsuite> <!-- demo.page.project.TC06_Tab_Switching -->
