<?xml version="1.0" encoding="UTF-8"?>
<!-- Generated by org.testng.reporters.JUnitReportReporter -->
<testsuite hostname="Rashmis-MacBook-Air.local" name="demo.page.project.TC01_DemoApp_Launch" tests="1" failures="0" timestamp="23 May 2019 13:52:03 GMT" time="13.747" errors="0">
  <testcase name="launchDemoPage" time="13.747" classname="demo.page.project.TC01_DemoApp_Launch"/>
</testsuite> <!-- demo.page.project.TC01_DemoApp_Launch -->
