<?xml version="1.0" encoding="UTF-8"?>
<!-- Generated by org.testng.reporters.JUnitReportReporter -->
<testsuite hostname="Rashmis-MacBook-Air.local" name="demo.page.project.TC04_SignOn_correctCred_FlightBooking" tests="1" failures="0" timestamp="23 May 2019 17:46:35 GMT" time="29.464" errors="0">
  <testcase name="LoginDemoPage" time="29.464" classname="demo.page.project.TC04_SignOn_correctCred_FlightBooking"/>
</testsuite> <!-- demo.page.project.TC04_SignOn_correctCred_FlightBooking -->
