<?xml version="1.0" encoding="UTF-8"?>
<!-- Generated by org.testng.reporters.JUnitReportReporter -->
<testsuite hostname="Rashmis-MacBook-Air.local" name="demo.page.project.TC02_User_Registration" tests="1" failures="0" timestamp="24 May 2019 16:09:05 GMT" time="3.754" errors="0">
  <testcase name="registerUser" time="3.754" classname="demo.page.project.TC02_User_Registration"/>
</testsuite> <!-- demo.page.project.TC02_User_Registration -->
