<?xml version="1.0" encoding="UTF-8"?>
<!-- Generated by org.testng.reporters.JUnitReportReporter -->
<testsuite hostname="Rashmis-MacBook-Air.local" name="demo.page.project.TC03_SignOn_wrongCred" tests="1" failures="0" timestamp="24 May 2019 16:07:13 GMT" time="17.784" errors="0">
  <testcase name="wrongCred" time="17.784" classname="demo.page.project.TC03_SignOn_wrongCred"/>
</testsuite> <!-- demo.page.project.TC03_SignOn_wrongCred -->
