<?xml version="1.0" encoding="UTF-8"?>
<!-- Generated by org.testng.reporters.JUnitReportReporter -->
<testsuite hostname="Rashmis-MacBook-Air.local" name="demo.page.project.TC02_User_Registration" tests="1" failures="0" timestamp="24 May 2019 08:12:12 GMT" time="6.237" errors="0">
  <testcase name="registerDemoPage" time="6.237" classname="demo.page.project.TC02_User_Registration"/>
</testsuite> <!-- demo.page.project.TC02_User_Registration -->
